gyp info it worked if it ends with ok
gyp info using node-gyp@5.1.0
gyp info using node@13.12.0 | darwin | x64
gyp info find Python using Python version 2.7.16 found at "/System/Library/Frameworks/Python.framework/Versions/2.7/Resources/Python.app/Contents/MacOS/Python"
gyp info spawn /System/Library/Frameworks/Python.framework/Versions/2.7/Resources/Python.app/Contents/MacOS/Python
gyp info spawn args [
gyp info spawn args   '/Users/jpthor/.nvm/versions/node/v13.12.0/lib/node_modules/npm/node_modules/node-gyp/gyp/gyp_main.py',
gyp info spawn args   'binding.gyp',
gyp info spawn args   '-f',
gyp info spawn args   'make',
gyp info spawn args   '-I',
gyp info spawn args   '/Users/jpthor/dev/spartan-protocol/bsc-contract-templates/node_modules/@web3-js/websocket/build/config.gypi',
gyp info spawn args   '-I',
gyp info spawn args   '/Users/jpthor/.nvm/versions/node/v13.12.0/lib/node_modules/npm/node_modules/node-gyp/addon.gypi',
gyp info spawn args   '-I',
gyp info spawn args   '/Users/jpthor/Library/Caches/node-gyp/13.12.0/include/node/common.gypi',
gyp info spawn args   '-Dlibrary=shared_library',
gyp info spawn args   '-Dvisibility=default',
gyp info spawn args   '-Dnode_root_dir=/Users/jpthor/Library/Caches/node-gyp/13.12.0',
gyp info spawn args   '-Dnode_gyp_dir=/Users/jpthor/.nvm/versions/node/v13.12.0/lib/node_modules/npm/node_modules/node-gyp',
gyp info spawn args   '-Dnode_lib_file=/Users/jpthor/Library/Caches/node-gyp/13.12.0/<(target_arch)/node.lib',
gyp info spawn args   '-Dmodule_root_dir=/Users/jpthor/dev/spartan-protocol/bsc-contract-templates/node_modules/@web3-js/websocket',
gyp info spawn args   '-Dnode_engine=v8',
gyp info spawn args   '--depth=.',
gyp info spawn args   '--no-parallel',
gyp info spawn args   '--generator-output',
gyp info spawn args   'build',
gyp info spawn args   '-Goutput_dir=.'
gyp info spawn args ]
gyp info spawn make
gyp info spawn args [ 'BUILDTYPE=Release', '-C', 'build' ]
../src/bufferutil.cc:34:86: error: too few arguments to function call, single argument 'context' was not specified
    Nan::Set(target, Nan::New<String>("BufferUtil").ToLocalChecked(), t->GetFunction());
                                                                      ~~~~~~~~~~~~~~ ^
/Users/jpthor/Library/Caches/node-gyp/13.12.0/include/node/v8.h:6283:3: note: 'GetFunction' declared here
  V8_WARN_UNUSED_RESULT MaybeLocal<Function> GetFunction(
  ^
/Users/jpthor/Library/Caches/node-gyp/13.12.0/include/node/v8config.h:419:31: note: expanded from macro 'V8_WARN_UNUSED_RESULT'
#define V8_WARN_UNUSED_RESULT __attribute__((warn_unused_result))
                              ^
../src/bufferutil.cc:50:49: error: too few arguments to function call, single argument 'context' was not specified
    Local<Object> bufferObj = info[0]->ToObject();
                              ~~~~~~~~~~~~~~~~~ ^
/Users/jpthor/Library/Caches/node-gyp/13.12.0/include/node/v8.h:2754:3: note: 'ToObject' declared here
  V8_WARN_UNUSED_RESULT MaybeLocal<Object> ToObject(
  ^
/Users/jpthor/Library/Caches/node-gyp/13.12.0/include/node/v8config.h:419:31: note: expanded from macro 'V8_WARN_UNUSED_RESULT'
#define V8_WARN_UNUSED_RESULT __attribute__((warn_unused_result))
                              ^
../src/bufferutil.cc:57:34: error: no matching member function for call to 'Get'
      Local<Object> src = array->Get(i)->ToObject();
                          ~~~~~~~^~~
/Users/jpthor/Library/Caches/node-gyp/13.12.0/include/node/v8.h:3594:43: note: candidate function not viable: requires 2 arguments, but 1 was provided
  V8_WARN_UNUSED_RESULT MaybeLocal<Value> Get(Local<Context> context,
                                          ^
/Users/jpthor/Library/Caches/node-gyp/13.12.0/include/node/v8.h:3597:43: note: candidate function not viable: requires 2 arguments, but 1 was provided
  V8_WARN_UNUSED_RESULT MaybeLocal<Value> Get(Local<Context> context,
                                          ^
../src/bufferutil.cc:68:50: error: too few arguments to function call, single argument 'context' was not specified
    Local<Object> buffer_obj = info[0]->ToObject();
                               ~~~~~~~~~~~~~~~~~ ^
/Users/jpthor/Library/Caches/node-gyp/13.12.0/include/node/v8.h:2754:3: note: 'ToObject' declared here
  V8_WARN_UNUSED_RESULT MaybeLocal<Object> ToObject(
  ^
/Users/jpthor/Library/Caches/node-gyp/13.12.0/include/node/v8config.h:419:31: note: expanded from macro 'V8_WARN_UNUSED_RESULT'
#define V8_WARN_UNUSED_RESULT __attribute__((warn_unused_result))
                              ^
../src/bufferutil.cc:70:48: error: too few arguments to function call, single argument 'context' was not specified
    Local<Object> mask_obj = info[1]->ToObject();
                             ~~~~~~~~~~~~~~~~~ ^
/Users/jpthor/Library/Caches/node-gyp/13.12.0/include/node/v8.h:2754:3: note: 'ToObject' declared here
  V8_WARN_UNUSED_RESULT MaybeLocal<Object> ToObject(
  ^
/Users/jpthor/Library/Caches/node-gyp/13.12.0/include/node/v8config.h:419:31: note: expanded from macro 'V8_WARN_UNUSED_RESULT'
#define V8_WARN_UNUSED_RESULT __attribute__((warn_unused_result))
                              ^
../src/bufferutil.cc:89:50: error: too few arguments to function call, single argument 'context' was not specified
    Local<Object> buffer_obj = info[0]->ToObject();
                               ~~~~~~~~~~~~~~~~~ ^
/Users/jpthor/Library/Caches/node-gyp/13.12.0/include/node/v8.h:2754:3: note: 'ToObject' declared here
  V8_WARN_UNUSED_RESULT MaybeLocal<Object> ToObject(
  ^
/Users/jpthor/Library/Caches/node-gyp/13.12.0/include/node/v8config.h:419:31: note: expanded from macro 'V8_WARN_UNUSED_RESULT'
#define V8_WARN_UNUSED_RESULT __attribute__((warn_unused_result))
                              ^
../src/bufferutil.cc:90:48: error: too few arguments to function call, single argument 'context' was not specified
    Local<Object> mask_obj = info[1]->ToObject();
                             ~~~~~~~~~~~~~~~~~ ^
/Users/jpthor/Library/Caches/node-gyp/13.12.0/include/node/v8.h:2754:3: note: 'ToObject' declared here
  V8_WARN_UNUSED_RESULT MaybeLocal<Object> ToObject(
  ^
/Users/jpthor/Library/Caches/node-gyp/13.12.0/include/node/v8config.h:419:31: note: expanded from macro 'V8_WARN_UNUSED_RESULT'
#define V8_WARN_UNUSED_RESULT __attribute__((warn_unused_result))
                              ^
../src/bufferutil.cc:92:50: error: too few arguments to function call, single argument 'context' was not specified
    Local<Object> output_obj = info[2]->ToObject();
                               ~~~~~~~~~~~~~~~~~ ^
/Users/jpthor/Library/Caches/node-gyp/13.12.0/include/node/v8.h:2754:3: note: 'ToObject' declared here
  V8_WARN_UNUSED_RESULT MaybeLocal<Object> ToObject(
  ^
/Users/jpthor/Library/Caches/node-gyp/13.12.0/include/node/v8config.h:419:31: note: expanded from macro 'V8_WARN_UNUSED_RESULT'
#define V8_WARN_UNUSED_RESULT __attribute__((warn_unused_result))
                              ^
../src/bufferutil.cc:93:51: error: too few arguments to function call, single argument 'context' was not specified
    unsigned int dataOffset = info[3]->Int32Value();
                              ~~~~~~~~~~~~~~~~~~~ ^
/Users/jpthor/Library/Caches/node-gyp/13.12.0/include/node/v8.h:2778:3: note: 'Int32Value' declared here
  V8_WARN_UNUSED_RESULT Maybe<int32_t> Int32Value(Local<Context> context) const;
  ^
/Users/jpthor/Library/Caches/node-gyp/13.12.0/include/node/v8config.h:419:31: note: expanded from macro 'V8_WARN_UNUSED_RESULT'
#define V8_WARN_UNUSED_RESULT __attribute__((warn_unused_result))
                              ^
../src/bufferutil.cc:94:47: error: too few arguments to function call, single argument 'context' was not specified
    unsigned int length = info[4]->Int32Value();
                          ~~~~~~~~~~~~~~~~~~~ ^
/Users/jpthor/Library/Caches/node-gyp/13.12.0/include/node/v8.h:2778:3: note: 'Int32Value' declared here
  V8_WARN_UNUSED_RESULT Maybe<int32_t> Int32Value(Local<Context> context) const;
  ^
/Users/jpthor/Library/Caches/node-gyp/13.12.0/include/node/v8config.h:419:31: note: expanded from macro 'V8_WARN_UNUSED_RESULT'
#define V8_WARN_UNUSED_RESULT __attribute__((warn_unused_result))
                              ^
10 errors generated.
make: *** [Release/obj.target/bufferutil/src/bufferutil.o] Error 1
gyp ERR! build error 
gyp ERR! stack Error: `make` failed with exit code: 2
gyp ERR! stack     at ChildProcess.onExit (/Users/jpthor/.nvm/versions/node/v13.12.0/lib/node_modules/npm/node_modules/node-gyp/lib/build.js:194:23)
gyp ERR! stack     at ChildProcess.emit (events.js:315:20)
gyp ERR! stack     at Process.ChildProcess._handle.onexit (internal/child_process.js:275:12)
gyp ERR! System Darwin 19.4.0
gyp ERR! command "/Users/jpthor/.nvm/versions/node/v13.12.0/bin/node" "/Users/jpthor/.nvm/versions/node/v13.12.0/lib/node_modules/npm/node_modules/node-gyp/bin/node-gyp.js" "rebuild"
gyp ERR! cwd /Users/jpthor/dev/spartan-protocol/bsc-contract-templates/node_modules/@web3-js/websocket
gyp ERR! node -v v13.12.0
gyp ERR! node-gyp -v v5.1.0
gyp ERR! not ok 
